2024-04-10 13:37:38.642 [main] INFO  [net.rubyeye.xmemcached.XMemcachedClient] - XMemcachedClient is using Text protocol
2024-04-10 13:37:38.709 [main] INFO  [com.google.code.yanf4j.nio.impl.SelectorManager] - Creating 8 reactors...
2024-04-10 13:37:40.046 [main] INFO  [c.google.code.yanf4j.core.impl.AbstractController] - The Controller started at localhost/127.0.0.1:0 ...
2024-04-10 13:38:01.119 [main] INFO  [c.google.code.yanf4j.core.impl.AbstractController] - Controller has been stopped.
2024-04-10 17:08:16.328 [main] INFO  [com.hmblogs.backend.BackendApplication] - Starting BackendApplication using Java 1.8.0_131 on ISS-67 with PID 20312 (D:\workspace\hmblogs\target\classes started by iss-67 in D:\workspace\hmblogs)
2024-04-10 17:08:16.379 [main] INFO  [com.hmblogs.backend.BackendApplication] - No active profile set, falling back to 1 default profile: "default"
2024-04-10 17:08:17.770 [main] INFO  [o.s.d.r.config.RepositoryConfigurationDelegate] - Bootstrapping Spring Data MongoDB repositories in DEFAULT mode.
2024-04-10 17:08:17.898 [main] INFO  [o.s.d.r.config.RepositoryConfigurationDelegate] - Finished Spring Data repository scanning in 122 ms. Found 1 MongoDB repository interfaces.
2024-04-10 17:08:19.583 [main] INFO  [o.s.boot.web.embedded.tomcat.TomcatWebServer] - Tomcat initialized with port(s): 8081 (http)
2024-04-10 17:08:19.604 [main] INFO  [org.apache.coyote.http11.Http11NioProtocol] - Initializing ProtocolHandler ["http-nio-8081"]
2024-04-10 17:08:19.607 [main] INFO  [org.apache.catalina.core.StandardService] - Starting service [Tomcat]
2024-04-10 17:08:19.607 [main] INFO  [org.apache.catalina.core.StandardEngine] - Starting Servlet engine: [Apache Tomcat/9.0.58]
2024-04-10 17:08:19.897 [main] INFO  [o.a.c.c.C.[Tomcat].[localhost].[/hmblogs]] - Initializing Spring embedded WebApplicationContext
2024-04-10 17:08:19.898 [main] INFO  [o.s.b.w.s.c.ServletWebServerApplicationContext] - Root WebApplicationContext: initialization completed in 3280 ms
2024-04-10 17:08:20.166 [main] INFO  [c.a.d.s.b.a.DruidDataSourceAutoConfigure] - Init DruidDataSource
2024-04-10 17:08:20.358 [main] INFO  [com.alibaba.druid.pool.DruidDataSource] - {dataSource-1} inited
2024-04-10 17:08:22.853 [main] INFO  [org.mongodb.driver.cluster] - Cluster created with settings {hosts=[localhost:27017], mode=SINGLE, requiredClusterType=UNKNOWN, serverSelectionTimeout='30000 ms'}
2024-04-10 17:08:25.933 [cluster-ClusterId{value='66165706be3ca41b4d85bc87', description='null'}-localhost:27017] INFO  [org.mongodb.driver.cluster] - Exception in monitor thread while connecting to server localhost:27017
com.mongodb.MongoSocketOpenException: Exception opening socket
	at com.mongodb.internal.connection.SocketStream.open(SocketStream.java:70)
	at com.mongodb.internal.connection.InternalStreamConnection.open(InternalStreamConnection.java:180)
	at com.mongodb.internal.connection.DefaultServerMonitor$ServerMonitorRunnable.lookupServerDescription(DefaultServerMonitor.java:188)
	at com.mongodb.internal.connection.DefaultServerMonitor$ServerMonitorRunnable.run(DefaultServerMonitor.java:152)
	at java.lang.Thread.run(Thread.java:748)
Caused by: java.net.ConnectException: Connection refused: connect
	at java.net.DualStackPlainSocketImpl.waitForConnect(Native Method)
	at java.net.DualStackPlainSocketImpl.socketConnect(DualStackPlainSocketImpl.java:85)
	at java.net.AbstractPlainSocketImpl.doConnect(AbstractPlainSocketImpl.java:350)
	at java.net.AbstractPlainSocketImpl.connectToAddress(AbstractPlainSocketImpl.java:206)
	at java.net.AbstractPlainSocketImpl.connect(AbstractPlainSocketImpl.java:188)
	at java.net.PlainSocketImpl.connect(PlainSocketImpl.java:172)
	at java.net.SocksSocketImpl.connect(SocksSocketImpl.java:392)
	at java.net.Socket.connect(Socket.java:589)
	at com.mongodb.internal.connection.SocketStreamHelper.initialize(SocketStreamHelper.java:107)
	at com.mongodb.internal.connection.SocketStream.initializeSocket(SocketStream.java:79)
	at com.mongodb.internal.connection.SocketStream.open(SocketStream.java:65)
	... 4 common frames omitted
2024-04-10 17:08:26.181 [main] INFO  [org.apache.coyote.http11.Http11NioProtocol] - Starting ProtocolHandler ["http-nio-8081"]
2024-04-10 17:08:26.532 [main] INFO  [o.s.boot.web.embedded.tomcat.TomcatWebServer] - Tomcat started on port(s): 8081 (http) with context path '/hmblogs'
2024-04-10 17:08:26.540 [main] INFO  [com.hmblogs.backend.BackendApplication] - Started BackendApplication in 11.986 seconds (JVM running for 15.428)
2024-04-10 17:10:17.582 [http-nio-8081-exec-2] INFO  [o.a.c.c.C.[Tomcat].[localhost].[/hmblogs]] - Initializing Spring DispatcherServlet 'dispatcherServlet'
2024-04-10 17:10:17.583 [http-nio-8081-exec-2] INFO  [org.springframework.web.servlet.DispatcherServlet] - Initializing Servlet 'dispatcherServlet'
2024-04-10 17:10:17.584 [http-nio-8081-exec-2] INFO  [org.springframework.web.servlet.DispatcherServlet] - Completed initialization in 1 ms
2024-04-10 17:10:17.684 [http-nio-8081-exec-2] INFO  [net.rubyeye.xmemcached.XMemcachedClient] - XMemcachedClient is using Text protocol
2024-04-10 17:10:17.723 [http-nio-8081-exec-2] INFO  [com.google.code.yanf4j.nio.impl.SelectorManager] - Creating 8 reactors...
2024-04-10 17:10:18.785 [http-nio-8081-exec-2] INFO  [c.google.code.yanf4j.core.impl.AbstractController] - The Controller started at localhost/127.0.0.1:0 ...
2024-04-10 17:10:21.289 [http-nio-8081-exec-2] INFO  [c.google.code.yanf4j.core.impl.AbstractController] - Controller has been stopped.
